--- INVOICES ---
[
    {
        "id": 1,
        "invoice_number": "FATURA NR.1",
        "date": "2025-12-28",
        "payment_due_date": null,
        "client_id": 1,
        "template_id": null,
        "subtotal": "100.00",
        "vat_percentage": "18.00",
        "vat_amount": "18.00",
        "total": "118.00",
        "status": "sent",
        "pdf_path": null,
        "created_at": "2025-12-28T17:01:55",
        "updated_at": "2025-12-28T17:01:55",
        "client_name": "2B&A British Buklding C sh p k "
    },
    {
        "id": 2,
        "invoice_number": "FATURA NR.2",
        "date": "2025-12-28",
        "payment_due_date": null,
        "client_id": 1,
        "template_id": null,
        "subtotal": "1000.00",
        "vat_percentage": "18.00",
        "vat_amount": "180.00",
        "total": "1180.00",
        "status": "sent",
        "pdf_path": "C:\\Users\\Bleon\\OneDrive\\Desktop\\Holkos Fatura First\\exports\\Fatura_FATURA_NR.2.pdf",
        "created_at": "2025-12-28T17:03:08",
        "updated_at": "2025-12-28T17:08:42",
        "client_name": "2B&A British Buklding C sh p k "
    },
    {
        "id": 3,
        "invoice_number": "FATURA NR.3",
        "date": "2025-12-28",
        "payment_due_date": null,
        "client_id": 2,
        "template_id": null,
        "subtotal": "10000.00",
        "vat_percentage": "18.00",
        "vat_amount": "1800.00",
        "total": "11800.00",
        "status": "sent",
        "pdf_path": "C:\\Users\\Bleon\\OneDrive\\Desktop\\Holkos Fatura First\\exports\\Fatura_FATURA_NR.3.pdf",
        "created_at": "2025-12-28T17:04:15",
        "updated_at": "2025-12-28T17:12:32",
        "client_name": "Mercom"
    },
    {
        "id": 4,
        "invoice_number": "FATURA NR.4",
        "date": "2025-12-28",
        "payment_due_date": null,
        "client_id": 2,
        "template_id": null,
        "subtotal": "100.00",
        "vat_percentage": "18.00",
        "vat_amount": "18.00",
        "total": "118.00",
        "status": "sent",
        "pdf_path": null,
        "created_at": "2025-12-28T17:13:05",
        "updated_at": "2025-12-28T17:13:05",
        "client_name": "Mercom"
    }
]

--- CLIENTS ---
[
    {
        "id": 1,
        "name": "2B&A British Buklding C sh p k ",
        "address": "Prishtinë",
        "unique_number": "810054388",
        "phone": "",
        "email": "",
        "created_at": "2025-12-28T17:01:46",
        "updated_at": "2025-12-28T17:01:46"
    },
    {
        "id": 2,
        "name": "Mercom",
        "address": "Prishtine",
        "unique_number": "3212313213",
        "phone": "",
        "email": "",
        "created_at": "2025-12-28T17:04:04",
        "updated_at": "2025-12-28T17:04:04"
    }
]